# JRE version: OpenJDK Runtime Environment (8.0_152-b01) (build 1.8.0_152-release-915-b01)
# Java VM: OpenJDK 64-Bit Server VM (25.152-b01 mixed mode windows-amd64 compressed oops)
Heap:
 PSYoungGen      total 249344K, used 17443K [0x00000000e0000000, 0x00000000f7180000, 0x0000000100000000)
  eden space 224768K, 7% used [0x00000000e0000000,0x00000000e1108e70,0x00000000edb80000)
  from space 24576K, 0% used [0x00000000edb80000,0x00000000edb80000,0x00000000ef380000)
  to   space 24064K, 0% used [0x00000000f5a00000,0x00000000f5a00000,0x00000000f7180000)
 ParOldGen       total 100864K, used 49218K [0x00000000a0000000, 0x00000000a6280000, 0x00000000e0000000)
  object space 100864K, 48% used [0x00000000a0000000,0x00000000a30109e8,0x00000000a6280000)
 Metaspace       used 59409K, capacity 62014K, committed 62208K, reserved 1103872K
  class space    used 7973K, capacity 8599K, committed 8704K, reserved 1048576K
GC Heap History (10 events):
Event: 58.030 GC heap before
{Heap before GC invocations=10 (full 2):
 PSYoungGen      total 187904K, used 10036K [0x00000000e0000000, 0x00000000eda80000, 0x0000000100000000)
  eden space 176128K, 0% used [0x00000000e0000000,0x00000000e0000000,0x00000000eac00000)
  from space 11776K, 85% used [0x00000000eb880000,0x00000000ec24d3a0,0x00000000ec400000)
  to   space 12800K, 0% used [0x00000000eac00000,0x00000000eac00000,0x00000000eb880000)
 ParOldGen       total 39936K, used 12695K [0x00000000a0000000, 0x00000000a2700000, 0x00000000e0000000)
  object space 39936K, 31% used [0x00000000a0000000,0x00000000a0c65e08,0x00000000a2700000)
 Metaspace       used 34615K, capacity 35278K, committed 35416K, reserved 1079296K
  class space    used 4716K, capacity 5007K, committed 5120K, reserved 1048576K
Event: 58.401 GC heap after
Heap after GC invocations=10 (full 2):
 PSYoungGen      total 187904K, used 0K [0x00000000e0000000, 0x00000000eda80000, 0x0000000100000000)
  eden space 176128K, 0% used [0x00000000e0000000,0x00000000e0000000,0x00000000eac00000)
  from space 11776K, 0% used [0x00000000eb880000,0x00000000eb880000,0x00000000ec400000)
  to   space 12800K, 0% used [0x00000000eac00000,0x00000000eac00000,0x00000000eb880000)
 ParOldGen       total 52736K, used 16065K [0x00000000a0000000, 0x00000000a3380000, 0x00000000e0000000)
  object space 52736K, 30% used [0x00000000a0000000,0x00000000a0fb07b8,0x00000000a3380000)
 Metaspace       used 34615K, capacity 35278K, committed 35416K, reserved 1079296K
  class space    used 4716K, capacity 5007K, committed 5120K, reserved 1048576K
}
Event: 81.863 GC heap before
{Heap before GC invocations=11 (full 2):
 PSYoungGen      total 187904K, used 176128K [0x00000000e0000000, 0x00000000eda80000, 0x0000000100000000)
  eden space 176128K, 100% used [0x00000000e0000000,0x00000000eac00000,0x00000000eac00000)
  from space 11776K, 0% used [0x00000000eb880000,0x00000000eb880000,0x00000000ec400000)
  to   space 12800K, 0% used [0x00000000eac00000,0x00000000eac00000,0x00000000eb880000)
 ParOldGen       total 52736K, used 16065K [0x00000000a0000000, 0x00000000a3380000, 0x00000000e0000000)
  object space 52736K, 30% used [0x00000000a0000000,0x00000000a0fb07b8,0x00000000a3380000)
 Metaspace       used 48873K, capacity 50158K, committed 50304K, reserved 1093632K
  class space    used 6573K, capacity 6967K, committed 7040K, reserved 1048576K
Event: 81.906 GC heap after
Heap after GC invocations=11 (full 2):
 PSYoungGen      total 188928K, used 12782K [0x00000000e0000000, 0x00000000f0400000, 0x0000000100000000)
  eden space 176128K, 0% used [0x00000000e0000000,0x00000000e0000000,0x00000000eac00000)
  from space 12800K, 99% used [0x00000000eac00000,0x00000000eb87b950,0x00000000eb880000)
  to   space 16896K, 0% used [0x00000000ef380000,0x00000000ef380000,0x00000000f0400000)
 ParOldGen       total 52736K, used 21322K [0x00000000a0000000, 0x00000000a3380000, 0x00000000e0000000)
  object space 52736K, 40% used [0x00000000a0000000,0x00000000a14d2890,0x00000000a3380000)
 Metaspace       used 48873K, capacity 50158K, committed 50304K, reserved 1093632K
  class space    used 6573K, capacity 6967K, committed 7040K, reserved 1048576K
}
Event: 95.795 GC heap before
{Heap before GC invocations=12 (full 2):
 PSYoungGen      total 188928K, used 188910K [0x00000000e0000000, 0x00000000f0400000, 0x0000000100000000)
  eden space 176128K, 100% used [0x00000000e0000000,0x00000000eac00000,0x00000000eac00000)
  from space 12800K, 99% used [0x00000000eac00000,0x00000000eb87b950,0x00000000eb880000)
  to   space 16896K, 0% used [0x00000000ef380000,0x00000000ef380000,0x00000000f0400000)
 ParOldGen       total 52736K, used 21322K [0x00000000a0000000, 0x00000000a3380000, 0x00000000e0000000)
  object space 52736K, 40% used [0x00000000a0000000,0x00000000a14d2890,0x00000000a3380000)
 Metaspace       used 54174K, capacity 56150K, committed 56320K, reserved 1097728K
  class space    used 7434K, capacity 7928K, committed 7936K, reserved 1048576K
Event: 98.433 GC heap after
Heap after GC invocations=12 (full 2):
 PSYoungGen      total 241664K, used 16866K [0x00000000e0000000, 0x00000000f3000000, 0x0000000100000000)
  eden space 224768K, 0% used [0x00000000e0000000,0x00000000e0000000,0x00000000edb80000)
  from space 16896K, 99% used [0x00000000ef380000,0x00000000f03f88e8,0x00000000f0400000)
  to   space 24576K, 0% used [0x00000000edb80000,0x00000000edb80000,0x00000000ef380000)
 ParOldGen       total 52736K, used 35786K [0x00000000a0000000, 0x00000000a3380000, 0x00000000e0000000)
  object space 52736K, 67% used [0x00000000a0000000,0x00000000a22f2a48,0x00000000a3380000)
 Metaspace       used 54174K, capacity 56150K, committed 56320K, reserved 1097728K
  class space    used 7434K, capacity 7928K, committed 7936K, reserved 1048576K
}
Event: 109.876 GC heap before
{Heap before GC invocations=13 (full 2):
 PSYoungGen      total 241664K, used 75077K [0x00000000e0000000, 0x00000000f3000000, 0x0000000100000000)
  eden space 224768K, 25% used [0x00000000e0000000,0x00000000e38d8d10,0x00000000edb80000)
  from space 16896K, 99% used [0x00000000ef380000,0x00000000f03f88e8,0x00000000f0400000)
  to   space 24576K, 0% used [0x00000000edb80000,0x00000000edb80000,0x00000000ef380000)
 ParOldGen       total 52736K, used 35786K [0x00000000a0000000, 0x00000000a3380000, 0x00000000e0000000)
  object space 52736K, 67% used [0x00000000a0000000,0x00000000a22f2a48,0x00000000a3380000)
 Metaspace       used 56519K, capacity 58876K, committed 59028K, reserved 1099776K
  class space    used 7726K, capacity 8340K, committed 8448K, reserved 1048576K
Event: 110.025 GC heap after
Heap after GC invocations=13 (full 2):
 PSYoungGen      total 249344K, used 4540K [0x00000000e0000000, 0x00000000f7180000, 0x0000000100000000)
  eden space 224768K, 0% used [0x00000000e0000000,0x00000000e0000000,0x00000000edb80000)
  from space 24576K, 18% used [0x00000000edb80000,0x00000000edfef2b0,0x00000000ef380000)
  to   space 24064K, 0% used [0x00000000f5a00000,0x00000000f5a00000,0x00000000f7180000)
 ParOldGen       total 53248K, used 52737K [0x00000000a0000000, 0x00000000a3400000, 0x00000000e0000000)
  object space 53248K, 99% used [0x00000000a0000000,0x00000000a3380558,0x00000000a3400000)
 Metaspace       used 56519K, capacity 58876K, committed 59028K, reserved 1099776K
  class space    used 7726K, capacity 8340K, committed 8448K, reserved 1048576K
}
Event: 110.025 GC heap before
{Heap before GC invocations=14 (full 3):
 PSYoungGen      total 249344K, used 4540K [0x00000000e0000000, 0x00000000f7180000, 0x0000000100000000)
  eden space 224768K, 0% used [0x00000000e0000000,0x00000000e0000000,0x00000000edb80000)
  from space 24576K, 18% used [0x00000000edb80000,0x00000000edfef2b0,0x00000000ef380000)
  to   space 24064K, 0% used [0x00000000f5a00000,0x00000000f5a00000,0x00000000f7180000)
 ParOldGen       total 53248K, used 52737K [0x00000000a0000000, 0x00000000a3400000, 0x00000000e0000000)
  object space 53248K, 99% used [0x00000000a0000000,0x00000000a3380558,0x00000000a3400000)
 Metaspace       used 56519K, capacity 58876K, committed 59028K, reserved 1099776K
  class space    used 7726K, capacity 8340K, committed 8448K, reserved 1048576K
Event: 111.317 GC heap after
Heap after GC invocations=14 (full 3):
 PSYoungGen      total 249344K, used 0K [0x00000000e0000000, 0x00000000f7180000, 0x0000000100000000)
  eden space 224768K, 0% used [0x00000000e0000000,0x00000000e0000000,0x00000000edb80000)
  from space 24576K, 0% used [0x00000000edb80000,0x00000000edb80000,0x00000000ef380000)
  to   space 24064K, 0% used [0x00000000f5a00000,0x00000000f5a00000,0x00000000f7180000)
 ParOldGen       total 100864K, used 49218K [0x00000000a0000000, 0x00000000a6280000, 0x00000000e0000000)
  object space 100864K, 48% used [0x00000000a0000000,0x00000000a30109e8,0x00000000a6280000)
 Metaspace       used 56519K, capacity 58876K, committed 59028K, reserved 1099776K
  class space    used 7726K, capacity 8340K, committed 8448K, reserved 1048576K
}

